[debug] [2024-11-03T21:25:50.551Z] ----------------------------------------------------------------------
[debug] [2024-11-03T21:25:50.553Z] Command:       /usr/local/bin/firebase /Users/johnmelodyme/.cache/firebase/tools/lib/node_modules/firebase-tools/lib/bin/firebase init functions
[debug] [2024-11-03T21:25:50.554Z] CLI Version:   11.24.1
[debug] [2024-11-03T21:25:50.554Z] Platform:      darwin
[debug] [2024-11-03T21:25:50.554Z] Node Version:  v16.16.0
[debug] [2024-11-03T21:25:50.564Z] Time:          Mon Nov 04 2024 05:25:50 GMT+0800 (Malaysia Time)
[debug] [2024-11-03T21:25:50.565Z] ----------------------------------------------------------------------
[debug] 
[debug] [2024-11-03T21:25:50.773Z] > command requires scopes: ["email","openid","https://www.googleapis.com/auth/cloudplatformprojects.readonly","https://www.googleapis.com/auth/firebase","https://www.googleapis.com/auth/cloud-platform"]
[debug] [2024-11-03T21:25:50.774Z] > authorizing via signed-in user (johnmelodyme@gmail.com)
[info] 
     ######## #### ########  ######## ########     ###     ######  ########
     ##        ##  ##     ## ##       ##     ##  ##   ##  ##       ##
     ######    ##  ########  ######   ########  #########  ######  ######
     ##        ##  ##    ##  ##       ##     ## ##     ##       ## ##
     ##       #### ##     ## ######## ########  ##     ##  ######  ########

You're about to initialize a Firebase project in this directory:

  /Users/johnmelodyme/Documents/上饶满星科技有限公司/AEDPenang

Before we get started, keep in mind:

  * You are initializing within an existing Firebase project directory

[info] 
=== Project Setup
[info] 
[info] First, let's associate this project directory with a Firebase project.
[info] You can create multiple project aliases by running firebase use --add, 
[info] but for now we'll just set up a default project.
[info] 
[debug] [2024-11-03T21:25:50.787Z] Using project from CLI flag: aedpenang-ce03e
[debug] [2024-11-03T21:25:50.792Z] >>> [apiv2][query] GET https://firebase.googleapis.com/v1beta1/projects/aedpenang-ce03e [none]
[debug] [2024-11-03T21:25:53.356Z] <<< [apiv2][status] GET https://firebase.googleapis.com/v1beta1/projects/aedpenang-ce03e 200
[debug] [2024-11-03T21:25:53.360Z] <<< [apiv2][body] GET https://firebase.googleapis.com/v1beta1/projects/aedpenang-ce03e {"projectId":"aedpenang-ce03e","projectNumber":"456812249106","displayName":"AEDPenang","name":"projects/aedpenang-ce03e","resources":{"hostingSite":"aedpenang-ce03e"},"state":"ACTIVE","etag":"1_d4254a3e-f823-4043-b60b-c477fa425abd"}
[info] i  Using project aedpenang-ce03e (AEDPenang) 
[info] 
=== Functions Setup
[debug] [2024-11-03T21:25:53.381Z] > command requires scopes: ["email","openid","https://www.googleapis.com/auth/cloudplatformprojects.readonly","https://www.googleapis.com/auth/firebase","https://www.googleapis.com/auth/cloud-platform"]
[debug] [2024-11-03T21:25:53.383Z] > authorizing via signed-in user (johnmelodyme@gmail.com)
[debug] [2024-11-03T21:25:53.385Z] [iam] checking project aedpenang-ce03e for permissions ["firebase.projects.get"]
[debug] [2024-11-03T21:25:53.387Z] >>> [apiv2][query] POST https://cloudresourcemanager.googleapis.com/v1/projects/aedpenang-ce03e:testIamPermissions [none]
[debug] [2024-11-03T21:25:53.387Z] >>> [apiv2][(partial)header] POST https://cloudresourcemanager.googleapis.com/v1/projects/aedpenang-ce03e:testIamPermissions x-goog-quota-user=projects/aedpenang-ce03e
[debug] [2024-11-03T21:25:53.387Z] >>> [apiv2][body] POST https://cloudresourcemanager.googleapis.com/v1/projects/aedpenang-ce03e:testIamPermissions {"permissions":["firebase.projects.get"]}
[debug] [2024-11-03T21:26:00.384Z] <<< [apiv2][status] POST https://cloudresourcemanager.googleapis.com/v1/projects/aedpenang-ce03e:testIamPermissions 200
[debug] [2024-11-03T21:26:00.388Z] <<< [apiv2][body] POST https://cloudresourcemanager.googleapis.com/v1/projects/aedpenang-ce03e:testIamPermissions {"permissions":["firebase.projects.get"]}
[debug] [2024-11-03T21:26:00.391Z] >>> [apiv2][query] GET https://serviceusage.googleapis.com/v1/projects/aedpenang-ce03e/services/cloudfunctions.googleapis.com [none]
[debug] [2024-11-03T21:26:00.391Z] >>> [apiv2][(partial)header] GET https://serviceusage.googleapis.com/v1/projects/aedpenang-ce03e/services/cloudfunctions.googleapis.com x-goog-quota-user=projects/aedpenang-ce03e
[debug] [2024-11-03T21:26:00.397Z] >>> [apiv2][query] GET https://serviceusage.googleapis.com/v1/projects/aedpenang-ce03e/services/runtimeconfig.googleapis.com [none]
[debug] [2024-11-03T21:26:00.397Z] >>> [apiv2][(partial)header] GET https://serviceusage.googleapis.com/v1/projects/aedpenang-ce03e/services/runtimeconfig.googleapis.com x-goog-quota-user=projects/aedpenang-ce03e
[debug] [2024-11-03T21:26:01.984Z] <<< [apiv2][status] GET https://serviceusage.googleapis.com/v1/projects/aedpenang-ce03e/services/runtimeconfig.googleapis.com 200
[debug] [2024-11-03T21:26:01.986Z] <<< [apiv2][body] GET https://serviceusage.googleapis.com/v1/projects/aedpenang-ce03e/services/runtimeconfig.googleapis.com [omitted]
[debug] [2024-11-03T21:26:03.874Z] <<< [apiv2][status] GET https://serviceusage.googleapis.com/v1/projects/aedpenang-ce03e/services/cloudfunctions.googleapis.com 200
[debug] [2024-11-03T21:26:03.875Z] <<< [apiv2][body] GET https://serviceusage.googleapis.com/v1/projects/aedpenang-ce03e/services/cloudfunctions.googleapis.com [omitted]
[info] Let's create a new codebase for your functions.
[info] A directory corresponding to the codebase will be created in your project
[info] with sample code pre-configured.

[info] See https://firebase.google.com/docs/functions/organize-functions for
[info] more information on organizing your functions using codebases.

[info] Functions can be deployed with firebase deploy.

[info] ✔  Wrote functions/package.json 
[info] ✔  Wrote functions/.eslintrc.js 
[info] ✔  Wrote functions/tsconfig.json 
[info] ✔  Wrote functions/tsconfig.dev.json 
[info] ✔  Wrote functions/src/index.ts 
[info] ✔  Wrote functions/.gitignore 
